[0217/171255.304:INFO:CONSOLE(3)] "Uncaught TypeError: Cannot read property 'value' of null", source: http://localhost/projects/workStudy/js/index.js (3)
[0217/171255.388:INFO:CONSOLE(1)] "Uncaught TypeError: Cannot read property 'value' of null", source: about:blank (1)
[0217/171301.407:INFO:CONSOLE(1)] "Uncaught TypeError: Cannot read property 'value' of null", source: about:blank (1)
[0217/171307.408:INFO:CONSOLE(1)] "Uncaught TypeError: Cannot read property 'value' of null", source: about:blank (1)
[0217/171313.411:INFO:CONSOLE(1)] "Uncaught TypeError: Cannot read property 'value' of null", source: about:blank (1)
[0217/171319.411:INFO:CONSOLE(1)] "Uncaught TypeError: Cannot read property 'value' of null", source: about:blank (1)
[0217/171325.414:INFO:CONSOLE(1)] "Uncaught TypeError: Cannot read property 'value' of null", source: about:blank (1)
[0217/171929.670:INFO:CONSOLE(3)] "Uncaught TypeError: Cannot read property 'value' of null", source: http://localhost/projects/workStudy/js/index.js (3)
[0217/172501.152:INFO:CONSOLE(3)] "Uncaught TypeError: Cannot read property 'value' of null", source: http://localhost/projects/workStudy/js/index.js (3)
[0217/172857.126:INFO:CONSOLE(3)] "Uncaught TypeError: Cannot read property 'value' of null", source: http://localhost/projects/workStudy/js/index.js (3)
[0217/172900.567:INFO:CONSOLE(3)] "Uncaught TypeError: Cannot read property 'value' of null", source: http://localhost/projects/workStudy/js/index.js (3)
[0217/172903.859:INFO:CONSOLE(3)] "Uncaught TypeError: Cannot read property 'value' of null", source: http://localhost/projects/workStudy/js/index.js (3)
[0217/173002.205:INFO:CONSOLE(3)] "Uncaught TypeError: Cannot read property 'value' of null", source: http://localhost/projects/workStudy/js/index.js (3)
[0217/173112.756:INFO:CONSOLE(3)] "Uncaught TypeError: Cannot read property 'value' of null", source: http://localhost/projects/workStudy/js/index.js (3)
[0217/173130.171:INFO:CONSOLE(3)] "Uncaught TypeError: Cannot read property 'value' of null", source: http://localhost/projects/workStudy/js/index.js (3)
[0217/173151.396:INFO:CONSOLE(3)] "Uncaught TypeError: Cannot read property 'value' of null", source: http://localhost/projects/workStudy/js/index.js (3)
[0217/173910.446:INFO:CONSOLE(3)] "Uncaught TypeError: Cannot read property 'value' of null", source: http://localhost/projects/workStudy/js/index.js (3)
[0217/174001.619:INFO:CONSOLE(3)] "Uncaught TypeError: Cannot read property 'value' of null", source: http://localhost/projects/workStudy/js/index.js (3)
[0217/174002.729:INFO:CONSOLE(3)] "Uncaught TypeError: Cannot read property 'value' of null", source: http://localhost/projects/workStudy/js/index.js (3)
[0217/174003.851:INFO:CONSOLE(3)] "Uncaught TypeError: Cannot read property 'value' of null", source: http://localhost/projects/workStudy/js/index.js (3)
[0217/174005.268:INFO:CONSOLE(3)] "Uncaught TypeError: Cannot read property 'value' of null", source: http://localhost/projects/workStudy/js/index.js (3)
[0217/174006.307:INFO:CONSOLE(3)] "Uncaught TypeError: Cannot read property 'value' of null", source: http://localhost/projects/workStudy/js/index.js (3)
[0217/174038.666:INFO:CONSOLE(3)] "Uncaught TypeError: Cannot read property 'value' of null", source: http://localhost/projects/workStudy/js/index.js (3)
[0217/175340.335:INFO:CONSOLE(3)] "Uncaught TypeError: Cannot read property 'value' of null", source: http://localhost/projects/workStudy/js/index.js (3)
[0217/175422.286:INFO:CONSOLE(3)] "Uncaught TypeError: Cannot read property 'value' of null", source: http://localhost/projects/workStudy/js/index.js (3)
[0217/175826.107:INFO:CONSOLE(3)] "Uncaught TypeError: Cannot read property 'value' of null", source: http://localhost/projects/workStudy/js/index.js (3)
[0217/180157.592:INFO:CONSOLE(3)] "Uncaught TypeError: Cannot read property 'value' of null", source: http://localhost/projects/workStudy/js/index.js (3)
[0217/180206.937:INFO:CONSOLE(3)] "Uncaught TypeError: Cannot read property 'value' of null", source: http://localhost/projects/workStudy/js/index.js (3)
[0217/180208.269:INFO:CONSOLE(3)] "Uncaught TypeError: Cannot read property 'value' of null", source: http://localhost/projects/workStudy/js/index.js (3)
[0217/180211.558:INFO:CONSOLE(3)] "Uncaught TypeError: Cannot read property 'value' of null", source: http://localhost/projects/workStudy/js/index.js (3)
[0217/180212.753:INFO:CONSOLE(3)] "Uncaught TypeError: Cannot read property 'value' of null", source: http://localhost/projects/workStudy/js/index.js (3)
[0217/180213.096:INFO:CONSOLE(3)] "Uncaught TypeError: Cannot read property 'value' of null", source: http://localhost/projects/workStudy/js/index.js (3)
[0217/180737.552:INFO:CONSOLE(3)] "Uncaught TypeError: Cannot read property 'value' of null", source: http://localhost/projects/workStudy/js/index.js (3)
[0217/180739.487:INFO:CONSOLE(3)] "Uncaught TypeError: Cannot read property 'value' of null", source: http://localhost/projects/workStudy/js/index.js (3)
[0217/180740.592:INFO:CONSOLE(3)] "Uncaught TypeError: Cannot read property 'value' of null", source: http://localhost/projects/workStudy/js/index.js (3)
[0217/180747.245:INFO:CONSOLE(3)] "Uncaught TypeError: Cannot read property 'value' of null", source: http://localhost/projects/workStudy/js/index.js (3)
[0217/180748.158:INFO:CONSOLE(3)] "Uncaught TypeError: Cannot read property 'value' of null", source: http://localhost/projects/workStudy/js/index.js (3)
[0217/180750.751:INFO:CONSOLE(3)] "Uncaught TypeError: Cannot read property 'value' of null", source: http://localhost/projects/workStudy/js/index.js (3)
[0217/180752.906:INFO:CONSOLE(3)] "Uncaught TypeError: Cannot read property 'value' of null", source: http://localhost/projects/workStudy/js/index.js (3)
[0217/180756.347:INFO:CONSOLE(3)] "Uncaught TypeError: Cannot read property 'value' of null", source: http://localhost/projects/workStudy/js/index.js (3)
[0217/180802.493:INFO:CONSOLE(3)] "Uncaught TypeError: Cannot read property 'value' of null", source: http://localhost/projects/workStudy/js/index.js (3)
[0217/180804.124:INFO:CONSOLE(3)] "Uncaught TypeError: Cannot read property 'value' of null", source: http://localhost/projects/workStudy/js/index.js (3)
[0217/180809.552:INFO:CONSOLE(3)] "Uncaught TypeError: Cannot read property 'value' of null", source: http://localhost/projects/workStudy/js/index.js (3)
[0217/180810.162:INFO:CONSOLE(3)] "Uncaught TypeError: Cannot read property 'value' of null", source: http://localhost/projects/workStudy/js/index.js (3)
[0217/180810.639:INFO:CONSOLE(3)] "Uncaught TypeError: Cannot read property 'value' of null", source: http://localhost/projects/workStudy/js/index.js (3)
[0217/181626.522:WARNING:PushPullFIFO.cpp(182)] PushPullFIFO: underflow while pulling (underflowCount=1, availableFrames=0, requestedFrames=480, fifoLength=8192)
[0217/181648.357:INFO:CONSOLE(3)] "Uncaught TypeError: Cannot read property 'value' of null", source: http://localhost/projects/workStudy/js/index.js (3)
[0217/181845.714:INFO:CONSOLE(3)] "Uncaught TypeError: Cannot read property 'value' of null", source: http://localhost/projects/workStudy/js/index.js (3)
[0217/181845.842:INFO:CONSOLE(1)] "Uncaught TypeError: Cannot read property 'value' of null", source: about:blank (1)
[0217/181851.866:INFO:CONSOLE(1)] "Uncaught TypeError: Cannot read property 'value' of null", source: about:blank (1)
[0217/181857.867:INFO:CONSOLE(1)] "Uncaught TypeError: Cannot read property 'value' of null", source: about:blank (1)
[0217/181936.176:INFO:CONSOLE(3)] "Uncaught TypeError: Cannot read property 'value' of null", source: http://localhost/projects/workStudy/js/index.js (3)
[0217/181936.216:INFO:CONSOLE(1)] "Uncaught TypeError: Cannot read property 'value' of null", source: about:blank (1)
[0217/181942.236:INFO:CONSOLE(1)] "Uncaught TypeError: Cannot read property 'value' of null", source: about:blank (1)
[0217/181948.238:INFO:CONSOLE(1)] "Uncaught TypeError: Cannot read property 'value' of null", source: about:blank (1)
[0217/182021.415:INFO:CONSOLE(3)] "Uncaught TypeError: Cannot read property 'value' of null", source: http://localhost/projects/workStudy/js/index.js (3)
[0217/182022.119:INFO:CONSOLE(3)] "Uncaught TypeError: Cannot read property 'value' of null", source: http://localhost/projects/workStudy/js/index.js (3)
[0217/182024.541:INFO:CONSOLE(3)] "Uncaught TypeError: Cannot read property 'value' of null", source: http://localhost/projects/workStudy/js/index.js (3)
[0217/182137.679:WARNING:PushPullFIFO.cpp(182)] PushPullFIFO: underflow while pulling (underflowCount=1, availableFrames=0, requestedFrames=480, fifoLength=8192)
[0217/182152.237:WARNING:PushPullFIFO.cpp(182)] PushPullFIFO: underflow while pulling (underflowCount=1, availableFrames=0, requestedFrames=480, fifoLength=8192)
[0217/182153.825:WARNING:PushPullFIFO.cpp(182)] PushPullFIFO: underflow while pulling (underflowCount=1, availableFrames=0, requestedFrames=480, fifoLength=8192)
[0217/182155.995:WARNING:PushPullFIFO.cpp(182)] PushPullFIFO: underflow while pulling (underflowCount=1, availableFrames=0, requestedFrames=480, fifoLength=8192)
[0217/182156.881:WARNING:PushPullFIFO.cpp(182)] PushPullFIFO: underflow while pulling (underflowCount=1, availableFrames=0, requestedFrames=480, fifoLength=8192)
[0217/182215.254:INFO:CONSOLE(3)] "Uncaught TypeError: Cannot read property 'value' of null", source: http://localhost/projects/workStudy/js/index.js (3)
[0217/182334.025:INFO:CONSOLE(3)] "Uncaught TypeError: Cannot read property 'value' of null", source: http://localhost/projects/workStudy/js/index.js (3)
[0217/182423.410:ERROR:service_manager.cc(157)] Connection InterfaceProviderSpec prevented service: content_renderer from binding interface: blink::mojom::ReportingServiceProxy exposed by: content_browser
[0217/182423.410:INFO:CONSOLE(0)] "Styling master document from stylesheets defined in HTML Imports is deprecated, and is planned to be removed in M65, around March 2018. Please refer to https://goo.gl/EGXzpw for possible migration paths.", source:  (0)
[0217/182425.308:WARNING:extension_protocols.cc(477)] Failed to GetPathForExtension: invalid
[0217/182425.308:WARNING:url_request_job_manager.cc(90)] Failed to map: chrome-extension://invalid/
[0217/182426.305:WARNING:extension_protocols.cc(477)] Failed to GetPathForExtension: invalid
[0217/182426.307:WARNING:url_request_job_manager.cc(90)] Failed to map: chrome-extension://invalid/
[0217/184401.702:WARNING:PushPullFIFO.cpp(182)] PushPullFIFO: underflow while pulling (underflowCount=1, availableFrames=0, requestedFrames=480, fifoLength=8192)
[0217/184416.904:ERROR:service_manager.cc(157)] Connection InterfaceProviderSpec prevented service: content_renderer from binding interface: blink::mojom::ReportingServiceProxy exposed by: content_browser
[0217/184416.904:INFO:CONSOLE(0)] "Styling master document from stylesheets defined in HTML Imports is deprecated, and is planned to be removed in M65, around March 2018. Please refer to https://goo.gl/EGXzpw for possible migration paths.", source:  (0)
[0217/184417.229:WARNING:extension_protocols.cc(477)] Failed to GetPathForExtension: invalid
[0217/184417.229:WARNING:url_request_job_manager.cc(90)] Failed to map: chrome-extension://invalid/
[0217/184417.317:WARNING:extension_protocols.cc(477)] Failed to GetPathForExtension: invalid
[0217/184417.317:WARNING:url_request_job_manager.cc(90)] Failed to map: chrome-extension://invalid/
[0217/184417.356:INFO:CONSOLE(1123)] "<link rel=preload> must have a valid `as` value", source: https://www.youtube.com/yts/jsbin/desktop_polymer-vflrnseTy/desktop_polymer.js (1123)
[0217/184517.420:WARNING:ipc_message_attachment_set.cc(49)] MessageAttachmentSet destroyed with unconsumed attachments: 0/1
[0217/184517.421:WARNING:ipc_message_attachment_set.cc(49)] MessageAttachmentSet destroyed with unconsumed attachments: 0/1
[0217/184517.421:WARNING:ipc_message_attachment_set.cc(49)] MessageAttachmentSet destroyed with unconsumed attachments: 0/1
[0217/184517.421:WARNING:ipc_message_attachment_set.cc(49)] MessageAttachmentSet destroyed with unconsumed attachments: 0/1
[0217/184517.421:WARNING:ipc_message_attachment_set.cc(49)] MessageAttachmentSet destroyed with unconsumed attachments: 0/1
[0217/184517.421:WARNING:ipc_message_attachment_set.cc(49)] MessageAttachmentSet destroyed with unconsumed attachments: 0/1
[0217/184517.421:WARNING:ipc_message_attachment_set.cc(49)] MessageAttachmentSet destroyed with unconsumed attachments: 0/1
[0217/184517.421:WARNING:ipc_message_attachment_set.cc(49)] MessageAttachmentSet destroyed with unconsumed attachments: 0/1
[0217/184517.421:WARNING:ipc_message_attachment_set.cc(49)] MessageAttachmentSet destroyed with unconsumed attachments: 0/1
[0217/184517.421:WARNING:ipc_message_attachment_set.cc(49)] MessageAttachmentSet destroyed with unconsumed attachments: 0/1
[0217/184517.421:WARNING:ipc_message_attachment_set.cc(49)] MessageAttachmentSet destroyed with unconsumed attachments: 0/1
[0217/184517.421:WARNING:ipc_message_attachment_set.cc(49)] MessageAttachmentSet destroyed with unconsumed attachments: 0/1
[0217/184517.421:WARNING:ipc_message_attachment_set.cc(49)] MessageAttachmentSet destroyed with unconsumed attachments: 0/1
[0217/184517.421:WARNING:ipc_message_attachment_set.cc(49)] MessageAttachmentSet destroyed with unconsumed attachments: 0/1
[0217/184517.421:WARNING:ipc_message_attachment_set.cc(49)] MessageAttachmentSet destroyed with unconsumed attachments: 0/1
[0217/184517.422:WARNING:ipc_message_attachment_set.cc(49)] MessageAttachmentSet destroyed with unconsumed attachments: 0/1
[0217/184517.422:WARNING:ipc_message_attachment_set.cc(49)] MessageAttachmentSet destroyed with unconsumed attachments: 0/1
[0217/184517.422:WARNING:ipc_message_attachment_set.cc(49)] MessageAttachmentSet destroyed with unconsumed attachments: 0/1
[0217/185140.150:INFO:CONSOLE(3)] "Uncaught TypeError: Cannot read property 'value' of null", source: http://localhost/projects/workStudy/js/index.js (3)
[0220/095841.972:WARNING:dns_config_service_win.cc(716)] Failed to read DnsHosts.
[0220/095943.889:INFO:CONSOLE(1)] "Uncaught TypeError: Cannot read property 'value' of null", source: about:blank (1)
[0220/095949.952:INFO:CONSOLE(1)] "Uncaught TypeError: Cannot read property 'value' of null", source: about:blank (1)
[0220/095955.973:INFO:CONSOLE(1)] "Uncaught TypeError: Cannot read property 'value' of null", source: about:blank (1)
[0220/100003.308:INFO:CONSOLE(1)] "Uncaught TypeError: Cannot read property 'value' of null", source: about:blank (1)
[0220/100009.320:INFO:CONSOLE(1)] "Uncaught TypeError: Cannot read property 'value' of null", source: about:blank (1)
[0220/100015.339:INFO:CONSOLE(1)] "Uncaught TypeError: Cannot read property 'value' of null", source: about:blank (1)
[0220/100021.350:INFO:CONSOLE(1)] "Uncaught TypeError: Cannot read property 'value' of null", source: about:blank (1)
[0220/100027.783:INFO:CONSOLE(1)] "Uncaught TypeError: Cannot read property 'value' of null", source: about:blank (1)
[0220/100033.809:INFO:CONSOLE(1)] "Uncaught TypeError: Cannot read property 'value' of null", source: about:blank (1)
[0220/100039.814:INFO:CONSOLE(1)] "Uncaught TypeError: Cannot read property 'value' of null", source: about:blank (1)
[0220/100045.821:INFO:CONSOLE(1)] "Uncaught TypeError: Cannot read property 'value' of null", source: about:blank (1)
[0220/100051.841:INFO:CONSOLE(1)] "Uncaught TypeError: Cannot read property 'value' of null", source: about:blank (1)
[0220/100057.852:INFO:CONSOLE(1)] "Uncaught TypeError: Cannot read property 'value' of null", source: about:blank (1)
[0220/100103.867:INFO:CONSOLE(1)] "Uncaught TypeError: Cannot read property 'value' of null", source: about:blank (1)
[0220/100109.872:INFO:CONSOLE(1)] "Uncaught TypeError: Cannot read property 'value' of null", source: about:blank (1)
[0220/100115.882:INFO:CONSOLE(1)] "Uncaught TypeError: Cannot read property 'value' of null", source: about:blank (1)
[0220/100121.890:INFO:CONSOLE(1)] "Uncaught TypeError: Cannot read property 'value' of null", source: about:blank (1)
[0220/100127.903:INFO:CONSOLE(1)] "Uncaught TypeError: Cannot read property 'value' of null", source: about:blank (1)
[0220/100133.904:INFO:CONSOLE(1)] "Uncaught TypeError: Cannot read property 'value' of null", source: about:blank (1)
[0220/100139.911:INFO:CONSOLE(1)] "Uncaught TypeError: Cannot read property 'value' of null", source: about:blank (1)
[0220/100145.925:INFO:CONSOLE(1)] "Uncaught TypeError: Cannot read property 'value' of null", source: about:blank (1)
[0220/100151.941:INFO:CONSOLE(1)] "Uncaught TypeError: Cannot read property 'value' of null", source: about:blank (1)
[0220/100157.954:INFO:CONSOLE(1)] "Uncaught TypeError: Cannot read property 'value' of null", source: about:blank (1)
[0220/100203.957:INFO:CONSOLE(1)] "Uncaught TypeError: Cannot read property 'value' of null", source: about:blank (1)
[0220/100209.962:INFO:CONSOLE(1)] "Uncaught TypeError: Cannot read property 'value' of null", source: about:blank (1)
[0220/100215.971:INFO:CONSOLE(1)] "Uncaught TypeError: Cannot read property 'value' of null", source: about:blank (1)
[0220/100221.977:INFO:CONSOLE(1)] "Uncaught TypeError: Cannot read property 'value' of null", source: about:blank (1)
[0220/100228.003:INFO:CONSOLE(1)] "Uncaught TypeError: Cannot read property 'value' of null", source: about:blank (1)
[0220/100234.028:INFO:CONSOLE(1)] "Uncaught TypeError: Cannot read property 'value' of null", source: about:blank (1)
[0220/100240.046:INFO:CONSOLE(1)] "Uncaught TypeError: Cannot read property 'value' of null", source: about:blank (1)
[0220/100246.062:INFO:CONSOLE(1)] "Uncaught TypeError: Cannot read property 'value' of null", source: about:blank (1)
[0220/100252.087:INFO:CONSOLE(1)] "Uncaught TypeError: Cannot read property 'value' of null", source: about:blank (1)
[0220/100258.105:INFO:CONSOLE(1)] "Uncaught TypeError: Cannot read property 'value' of null", source: about:blank (1)
[0220/100304.120:INFO:CONSOLE(1)] "Uncaught TypeError: Cannot read property 'value' of null", source: about:blank (1)
[0220/100310.131:INFO:CONSOLE(1)] "Uncaught TypeError: Cannot read property 'value' of null", source: about:blank (1)
[0220/100316.135:INFO:CONSOLE(1)] "Uncaught TypeError: Cannot read property 'value' of null", source: about:blank (1)
[0220/100322.145:INFO:CONSOLE(1)] "Uncaught TypeError: Cannot read property 'value' of null", source: about:blank (1)
[0220/100328.158:INFO:CONSOLE(1)] "Uncaught TypeError: Cannot read property 'value' of null", source: about:blank (1)
[0220/100334.163:INFO:CONSOLE(1)] "Uncaught TypeError: Cannot read property 'value' of null", source: about:blank (1)
[0220/100340.176:INFO:CONSOLE(1)] "Uncaught TypeError: Cannot read property 'value' of null", source: about:blank (1)
[0220/100346.211:INFO:CONSOLE(1)] "Uncaught TypeError: Cannot read property 'value' of null", source: about:blank (1)
[0220/100352.254:INFO:CONSOLE(1)] "Uncaught TypeError: Cannot read property 'value' of null", source: about:blank (1)
[0220/100358.262:INFO:CONSOLE(1)] "Uncaught TypeError: Cannot read property 'value' of null", source: about:blank (1)
[0220/100404.271:INFO:CONSOLE(1)] "Uncaught TypeError: Cannot read property 'value' of null", source: about:blank (1)
[0220/100410.284:INFO:CONSOLE(1)] "Uncaught TypeError: Cannot read property 'value' of null", source: about:blank (1)
[0220/100416.288:INFO:CONSOLE(1)] "Uncaught TypeError: Cannot read property 'value' of null", source: about:blank (1)
[0220/100422.306:INFO:CONSOLE(1)] "Uncaught TypeError: Cannot read property 'value' of null", source: about:blank (1)
[0220/100428.320:INFO:CONSOLE(1)] "Uncaught TypeError: Cannot read property 'value' of null", source: about:blank (1)
[0220/100434.332:INFO:CONSOLE(1)] "Uncaught TypeError: Cannot read property 'value' of null", source: about:blank (1)
[0220/100440.347:INFO:CONSOLE(1)] "Uncaught TypeError: Cannot read property 'value' of null", source: about:blank (1)
[0220/100446.358:INFO:CONSOLE(1)] "Uncaught TypeError: Cannot read property 'value' of null", source: about:blank (1)
[0220/100452.362:INFO:CONSOLE(1)] "Uncaught TypeError: Cannot read property 'value' of null", source: about:blank (1)
[0220/100458.385:INFO:CONSOLE(1)] "Uncaught TypeError: Cannot read property 'value' of null", source: about:blank (1)
[0220/100504.401:INFO:CONSOLE(1)] "Uncaught TypeError: Cannot read property 'value' of null", source: about:blank (1)
[0220/100510.428:INFO:CONSOLE(1)] "Uncaught TypeError: Cannot read property 'value' of null", source: about:blank (1)
[0220/100516.443:INFO:CONSOLE(1)] "Uncaught TypeError: Cannot read property 'value' of null", source: about:blank (1)
[0220/100522.451:INFO:CONSOLE(1)] "Uncaught TypeError: Cannot read property 'value' of null", source: about:blank (1)
[0220/100528.466:INFO:CONSOLE(1)] "Uncaught TypeError: Cannot read property 'value' of null", source: about:blank (1)
[0220/100534.483:INFO:CONSOLE(1)] "Uncaught TypeError: Cannot read property 'value' of null", source: about:blank (1)
[0220/100540.503:INFO:CONSOLE(1)] "Uncaught TypeError: Cannot read property 'value' of null", source: about:blank (1)
[0220/100546.523:INFO:CONSOLE(1)] "Uncaught TypeError: Cannot read property 'value' of null", source: about:blank (1)
[0220/100552.525:INFO:CONSOLE(1)] "Uncaught TypeError: Cannot read property 'value' of null", source: about:blank (1)
[0220/100558.527:INFO:CONSOLE(1)] "Uncaught TypeError: Cannot read property 'value' of null", source: about:blank (1)
[0220/100604.536:INFO:CONSOLE(1)] "Uncaught TypeError: Cannot read property 'value' of null", source: about:blank (1)
[0220/100610.547:INFO:CONSOLE(1)] "Uncaught TypeError: Cannot read property 'value' of null", source: about:blank (1)
[0220/100616.560:INFO:CONSOLE(1)] "Uncaught TypeError: Cannot read property 'value' of null", source: about:blank (1)
[0220/100622.564:INFO:CONSOLE(1)] "Uncaught TypeError: Cannot read property 'value' of null", source: about:blank (1)
[0220/100628.570:INFO:CONSOLE(1)] "Uncaught TypeError: Cannot read property 'value' of null", source: about:blank (1)
[0220/100634.583:INFO:CONSOLE(1)] "Uncaught TypeError: Cannot read property 'value' of null", source: about:blank (1)
[0220/100640.601:INFO:CONSOLE(1)] "Uncaught TypeError: Cannot read property 'value' of null", source: about:blank (1)
[0220/100646.611:INFO:CONSOLE(1)] "Uncaught TypeError: Cannot read property 'value' of null", source: about:blank (1)
[0220/100652.627:INFO:CONSOLE(1)] "Uncaught TypeError: Cannot read property 'value' of null", source: about:blank (1)
[0220/100658.637:INFO:CONSOLE(1)] "Uncaught TypeError: Cannot read property 'value' of null", source: about:blank (1)
[0220/100704.645:INFO:CONSOLE(1)] "Uncaught TypeError: Cannot read property 'value' of null", source: about:blank (1)
[0220/100710.662:INFO:CONSOLE(1)] "Uncaught TypeError: Cannot read property 'value' of null", source: about:blank (1)
[0220/100716.670:INFO:CONSOLE(1)] "Uncaught TypeError: Cannot read property 'value' of null", source: about:blank (1)
[0220/100722.680:INFO:CONSOLE(1)] "Uncaught TypeError: Cannot read property 'value' of null", source: about:blank (1)
[0220/100728.683:INFO:CONSOLE(1)] "Uncaught TypeError: Cannot read property 'value' of null", source: about:blank (1)
[0220/100734.687:INFO:CONSOLE(1)] "Uncaught TypeError: Cannot read property 'value' of null", source: about:blank (1)
[0220/100740.690:INFO:CONSOLE(1)] "Uncaught TypeError: Cannot read property 'value' of null", source: about:blank (1)
[0220/100746.695:INFO:CONSOLE(1)] "Uncaught TypeError: Cannot read property 'value' of null", source: about:blank (1)
[0220/100752.702:INFO:CONSOLE(1)] "Uncaught TypeError: Cannot read property 'value' of null", source: about:blank (1)
[0220/100758.719:INFO:CONSOLE(1)] "Uncaught TypeError: Cannot read property 'value' of null", source: about:blank (1)
[0220/100804.739:INFO:CONSOLE(1)] "Uncaught TypeError: Cannot read property 'value' of null", source: about:blank (1)
[0220/100810.748:INFO:CONSOLE(1)] "Uncaught TypeError: Cannot read property 'value' of null", source: about:blank (1)
[0220/100816.752:INFO:CONSOLE(1)] "Uncaught TypeError: Cannot read property 'value' of null", source: about:blank (1)
[0220/100822.773:INFO:CONSOLE(1)] "Uncaught TypeError: Cannot read property 'value' of null", source: about:blank (1)
[0220/100828.787:INFO:CONSOLE(1)] "Uncaught TypeError: Cannot read property 'value' of null", source: about:blank (1)
[0220/100834.803:INFO:CONSOLE(1)] "Uncaught TypeError: Cannot read property 'value' of null", source: about:blank (1)
[0220/100840.808:INFO:CONSOLE(1)] "Uncaught TypeError: Cannot read property 'value' of null", source: about:blank (1)
[0220/100846.820:INFO:CONSOLE(1)] "Uncaught TypeError: Cannot read property 'value' of null", source: about:blank (1)
[0220/100852.829:INFO:CONSOLE(1)] "Uncaught TypeError: Cannot read property 'value' of null", source: about:blank (1)
[0220/100858.846:INFO:CONSOLE(1)] "Uncaught TypeError: Cannot read property 'value' of null", source: about:blank (1)
[0220/100904.860:INFO:CONSOLE(1)] "Uncaught TypeError: Cannot read property 'value' of null", source: about:blank (1)
[0220/100910.877:INFO:CONSOLE(1)] "Uncaught TypeError: Cannot read property 'value' of null", source: about:blank (1)
[0220/100916.885:INFO:CONSOLE(1)] "Uncaught TypeError: Cannot read property 'value' of null", source: about:blank (1)
[0220/100922.888:INFO:CONSOLE(1)] "Uncaught TypeError: Cannot read property 'value' of null", source: about:blank (1)
[0220/100928.891:INFO:CONSOLE(1)] "Uncaught TypeError: Cannot read property 'value' of null", source: about:blank (1)
[0220/100934.906:INFO:CONSOLE(1)] "Uncaught TypeError: Cannot read property 'value' of null", source: about:blank (1)
[0220/100940.920:INFO:CONSOLE(1)] "Uncaught TypeError: Cannot read property 'value' of null", source: about:blank (1)
[0220/100946.942:INFO:CONSOLE(1)] "Uncaught TypeError: Cannot read property 'value' of null", source: about:blank (1)
[0220/100952.949:INFO:CONSOLE(1)] "Uncaught TypeError: Cannot read property 'value' of null", source: about:blank (1)
[0220/100958.959:INFO:CONSOLE(1)] "Uncaught TypeError: Cannot read property 'value' of null", source: about:blank (1)
